01-14-2020 INFO o.s.c.a.AnnotationConfigApplicationContext || [main] -prepareRefresh-583- Refreshing org.springframework.context.annotation.AnnotationConfigApplicationContext@6edb6594: startup date [Tue Jan 14 22:21:30 CST 2020]; root of context hierarchy
01-14-2020 INFO o.h.v.i.u.Version || [background-preinit] -<clinit>-30- HV000001: Hibernate Validator 5.3.6.Final
01-14-2020 INFO o.s.b.f.a.AutowiredAnnotationBeanPostProcessor || [main] -<init>-155- JSR-330 'javax.inject.Inject' annotation found and supported for autowiring
01-14-2020 INFO o.s.c.s.PostProcessorRegistrationDelegate$BeanPostProcessorChecker || [main] -postProcessAfterInitialization-327- Bean 'configurationPropertiesRebinderAutoConfiguration' of type [org.springframework.cloud.autoconfigure.ConfigurationPropertiesRebinderAutoConfiguration$$EnhancerBySpringCGLIB$$774534ae] is not eligible for getting processed by all BeanPostProcessors (for example: not eligible for auto-proxying)
01-14-2020 INFO c.q.t.TestApiApplication || [main] -logStartupProfileInfo-593- No active profile set, falling back to default profiles: default
01-14-2020 INFO o.s.b.c.e.AnnotationConfigEmbeddedWebApplicationContext || [main] -prepareRefresh-583- Refreshing org.springframework.boot.context.embedded.AnnotationConfigEmbeddedWebApplicationContext@59ab8480: startup date [Tue Jan 14 22:21:35 CST 2020]; parent: org.springframework.context.annotation.AnnotationConfigApplicationContext@6edb6594
01-14-2020 WARN o.m.s.m.ClassPathMapperScanner || [main] -doScan-166- No MyBatis mapper was found in '[com.qingqing.test.dao.mock]' package. Please check your configuration.
01-14-2020 INFO o.s.d.r.c.RepositoryConfigurationDelegate || [main] -multipleStoresDetected-165- Multiple Spring Data modules found, entering strict repository configuration mode!
01-14-2020 INFO o.s.c.c.s.GenericScope || [main] -setSerializationId-287- BeanFactory id=b767a8a9-908d-3026-a046-9b4285debd6a
01-14-2020 WARN o.s.c.a.ConfigurationClassEnhancer || [main] -intercept-350- @Bean method FtpResourceConfig.propertyPlaceholderConfigurer is non-static and returns an object assignable to Spring's BeanFactoryPostProcessor interface. This will result in a failure to process annotations such as @Autowired, @Resource and @PostConstruct within the method's declaring @Configuration class. Add the 'static' modifier to this method to avoid these container lifecycle issues; see @Bean javadoc for complete details.
01-14-2020 INFO o.s.b.f.a.AutowiredAnnotationBeanPostProcessor || [main] -<init>-155- JSR-330 'javax.inject.Inject' annotation found and supported for autowiring
01-14-2020 INFO o.s.c.s.PostProcessorRegistrationDelegate$BeanPostProcessorChecker || [main] -postProcessAfterInitialization-327- Bean 'com.qingqing.test.client.ApiPiClient' of type [org.springframework.cloud.netflix.feign.FeignClientFactoryBean] is not eligible for getting processed by all BeanPostProcessors (for example: not eligible for auto-proxying)
01-14-2020 INFO o.s.c.s.PostProcessorRegistrationDelegate$BeanPostProcessorChecker || [main] -postProcessAfterInitialization-327- Bean 'com.qingqing.test.client.ApiTestClient' of type [org.springframework.cloud.netflix.feign.FeignClientFactoryBean] is not eligible for getting processed by all BeanPostProcessors (for example: not eligible for auto-proxying)
01-14-2020 INFO o.s.c.s.PostProcessorRegistrationDelegate$BeanPostProcessorChecker || [main] -postProcessAfterInitialization-327- Bean 'com.qingqing.test.client.CommonPbClient' of type [org.springframework.cloud.netflix.feign.FeignClientFactoryBean] is not eligible for getting processed by all BeanPostProcessors (for example: not eligible for auto-proxying)
01-14-2020 INFO o.s.c.s.PostProcessorRegistrationDelegate$BeanPostProcessorChecker || [main] -postProcessAfterInitialization-327- Bean 'com.qingqing.test.client.PassportPiClient' of type [org.springframework.cloud.netflix.feign.FeignClientFactoryBean] is not eligible for getting processed by all BeanPostProcessors (for example: not eligible for auto-proxying)
01-14-2020 INFO o.s.c.s.PostProcessorRegistrationDelegate$BeanPostProcessorChecker || [main] -postProcessAfterInitialization-327- Bean 'com.qingqing.test.client.PayPbClient' of type [org.springframework.cloud.netflix.feign.FeignClientFactoryBean] is not eligible for getting processed by all BeanPostProcessors (for example: not eligible for auto-proxying)
01-14-2020 INFO o.s.c.s.PostProcessorRegistrationDelegate$BeanPostProcessorChecker || [main] -postProcessAfterInitialization-327- Bean 'com.qingqing.test.client.PbClient' of type [org.springframework.cloud.netflix.feign.FeignClientFactoryBean] is not eligible for getting processed by all BeanPostProcessors (for example: not eligible for auto-proxying)
01-14-2020 INFO o.s.c.s.PostProcessorRegistrationDelegate$BeanPostProcessorChecker || [main] -postProcessAfterInitialization-327- Bean 'com.qingqing.test.client.PiClient' of type [org.springframework.cloud.netflix.feign.FeignClientFactoryBean] is not eligible for getting processed by all BeanPostProcessors (for example: not eligible for auto-proxying)
01-14-2020 INFO o.s.c.s.PostProcessorRegistrationDelegate$BeanPostProcessorChecker || [main] -postProcessAfterInitialization-327- Bean 'com.qingqing.test.client.PiClientV2' of type [org.springframework.cloud.netflix.feign.FeignClientFactoryBean] is not eligible for getting processed by all BeanPostProcessors (for example: not eligible for auto-proxying)
01-14-2020 INFO o.s.c.s.PostProcessorRegistrationDelegate$BeanPostProcessorChecker || [main] -postProcessAfterInitialization-327- Bean 'com.qingqing.test.client.PtClient' of type [org.springframework.cloud.netflix.feign.FeignClientFactoryBean] is not eligible for getting processed by all BeanPostProcessors (for example: not eligible for auto-proxying)
01-14-2020 INFO o.s.c.s.PostProcessorRegistrationDelegate$BeanPostProcessorChecker || [main] -postProcessAfterInitialization-327- Bean 'org.springframework.transaction.annotation.ProxyTransactionManagementConfiguration' of type [org.springframework.transaction.annotation.ProxyTransactionManagementConfiguration$$EnhancerBySpringCGLIB$$5b2b31b1] is not eligible for getting processed by all BeanPostProcessors (for example: not eligible for auto-proxying)
01-14-2020 INFO o.s.c.s.PostProcessorRegistrationDelegate$BeanPostProcessorChecker || [main] -postProcessAfterInitialization-327- Bean 'org.springframework.cloud.autoconfigure.ConfigurationPropertiesRebinderAutoConfiguration' of type [org.springframework.cloud.autoconfigure.ConfigurationPropertiesRebinderAutoConfiguration$$EnhancerBySpringCGLIB$$774534ae] is not eligible for getting processed by all BeanPostProcessors (for example: not eligible for auto-proxying)
01-14-2020 INFO o.s.b.c.e.t.TomcatEmbeddedServletContainer || [main] -initialize-89- Tomcat initialized with port(s): 8090 (http)
01-14-2020 INFO o.a.c.c.StandardService || [main] -log-180- Starting service [Tomcat]
01-14-2020 INFO o.a.c.c.StandardEngine || [main] -log-180- Starting Servlet Engine: Apache Tomcat/8.5.27
01-14-2020 INFO o.a.c.c.C.[.[.[/apiTest] || [localhost-startStop-1] -log-180- Initializing Spring embedded WebApplicationContext
01-14-2020 INFO o.s.w.c.ContextLoader || [localhost-startStop-1] -prepareEmbeddedWebApplicationContext-276- Root WebApplicationContext: initialization completed in 17361 ms
01-14-2020 INFO o.s.c.a.AnnotationConfigApplicationContext || [localhost-startStop-1] -prepareRefresh-583- Refreshing org.springframework.context.annotation.AnnotationConfigApplicationContext@4c53c12e: startup date [Tue Jan 14 22:21:52 CST 2020]; parent: org.springframework.boot.context.embedded.AnnotationConfigEmbeddedWebApplicationContext@59ab8480
01-14-2020 INFO o.s.b.f.a.AutowiredAnnotationBeanPostProcessor || [localhost-startStop-1] -<init>-155- JSR-330 'javax.inject.Inject' annotation found and supported for autowiring
01-14-2020 WARN o.s.a.f.CglibAopProxy || [localhost-startStop-1] -doValidateClass-265- Unable to proxy interface-implementing method [public final java.sql.Connection io.shardingjdbc.core.jdbc.adapter.AbstractDataSourceAdapter.getConnection(java.lang.String,java.lang.String) throws java.sql.SQLException] because it is marked as final: Consider using interface-based JDK proxies instead!
01-14-2020 INFO o.s.a.f.CglibAopProxy || [localhost-startStop-1] -doValidateClass-268- Final method [public final java.sql.Connection io.shardingjdbc.core.jdbc.adapter.AbstractDataSourceAdapter.getConnection(java.lang.String,java.lang.String) throws java.sql.SQLException] cannot get proxied via CGLIB: Calls to this method will NOT be routed to the target instance and might lead to NPEs against uninitialized fields in the proxy instance.
01-14-2020 WARN o.s.a.f.CglibAopProxy || [localhost-startStop-1] -doValidateClass-265- Unable to proxy interface-implementing method [public final java.io.PrintWriter io.shardingjdbc.core.jdbc.adapter.AbstractDataSourceAdapter.getLogWriter() throws java.sql.SQLException] because it is marked as final: Consider using interface-based JDK proxies instead!
01-14-2020 INFO o.s.a.f.CglibAopProxy || [localhost-startStop-1] -doValidateClass-268- Final method [public final java.io.PrintWriter io.shardingjdbc.core.jdbc.adapter.AbstractDataSourceAdapter.getLogWriter() throws java.sql.SQLException] cannot get proxied via CGLIB: Calls to this method will NOT be routed to the target instance and might lead to NPEs against uninitialized fields in the proxy instance.
01-14-2020 WARN o.s.a.f.CglibAopProxy || [localhost-startStop-1] -doValidateClass-265- Unable to proxy interface-implementing method [public final java.util.logging.Logger io.shardingjdbc.core.jdbc.adapter.AbstractDataSourceAdapter.getParentLogger() throws java.sql.SQLFeatureNotSupportedException] because it is marked as final: Consider using interface-based JDK proxies instead!
01-14-2020 INFO o.s.a.f.CglibAopProxy || [localhost-startStop-1] -doValidateClass-268- Final method [public final java.util.logging.Logger io.shardingjdbc.core.jdbc.adapter.AbstractDataSourceAdapter.getParentLogger() throws java.sql.SQLFeatureNotSupportedException] cannot get proxied via CGLIB: Calls to this method will NOT be routed to the target instance and might lead to NPEs against uninitialized fields in the proxy instance.
01-14-2020 WARN o.s.a.f.CglibAopProxy || [localhost-startStop-1] -doValidateClass-265- Unable to proxy interface-implementing method [public final void io.shardingjdbc.core.jdbc.adapter.AbstractDataSourceAdapter.setLogWriter(java.io.PrintWriter) throws java.sql.SQLException] because it is marked as final: Consider using interface-based JDK proxies instead!
01-14-2020 INFO o.s.a.f.CglibAopProxy || [localhost-startStop-1] -doValidateClass-268- Final method [public final void io.shardingjdbc.core.jdbc.adapter.AbstractDataSourceAdapter.setLogWriter(java.io.PrintWriter) throws java.sql.SQLException] cannot get proxied via CGLIB: Calls to this method will NOT be routed to the target instance and might lead to NPEs against uninitialized fields in the proxy instance.
01-14-2020 WARN o.s.a.f.CglibAopProxy || [localhost-startStop-1] -doValidateClass-265- Unable to proxy interface-implementing method [public final int io.shardingjdbc.core.jdbc.unsupported.AbstractUnsupportedOperationDataSource.getLoginTimeout() throws java.sql.SQLException] because it is marked as final: Consider using interface-based JDK proxies instead!
01-14-2020 INFO o.s.a.f.CglibAopProxy || [localhost-startStop-1] -doValidateClass-268- Final method [public final int io.shardingjdbc.core.jdbc.unsupported.AbstractUnsupportedOperationDataSource.getLoginTimeout() throws java.sql.SQLException] cannot get proxied via CGLIB: Calls to this method will NOT be routed to the target instance and might lead to NPEs against uninitialized fields in the proxy instance.
01-14-2020 WARN o.s.a.f.CglibAopProxy || [localhost-startStop-1] -doValidateClass-265- Unable to proxy interface-implementing method [public final void io.shardingjdbc.core.jdbc.unsupported.AbstractUnsupportedOperationDataSource.setLoginTimeout(int) throws java.sql.SQLException] because it is marked as final: Consider using interface-based JDK proxies instead!
01-14-2020 INFO o.s.a.f.CglibAopProxy || [localhost-startStop-1] -doValidateClass-268- Final method [public final void io.shardingjdbc.core.jdbc.unsupported.AbstractUnsupportedOperationDataSource.setLoginTimeout(int) throws java.sql.SQLException] cannot get proxied via CGLIB: Calls to this method will NOT be routed to the target instance and might lead to NPEs against uninitialized fields in the proxy instance.
01-14-2020 WARN o.s.a.f.CglibAopProxy || [localhost-startStop-1] -doValidateClass-265- Unable to proxy interface-implementing method [public final java.lang.Object io.shardingjdbc.core.jdbc.adapter.WrapperAdapter.unwrap(java.lang.Class) throws java.sql.SQLException] because it is marked as final: Consider using interface-based JDK proxies instead!
01-14-2020 INFO o.s.a.f.CglibAopProxy || [localhost-startStop-1] -doValidateClass-268- Final method [public final java.lang.Object io.shardingjdbc.core.jdbc.adapter.WrapperAdapter.unwrap(java.lang.Class) throws java.sql.SQLException] cannot get proxied via CGLIB: Calls to this method will NOT be routed to the target instance and might lead to NPEs against uninitialized fields in the proxy instance.
01-14-2020 WARN o.s.a.f.CglibAopProxy || [localhost-startStop-1] -doValidateClass-265- Unable to proxy interface-implementing method [public final boolean io.shardingjdbc.core.jdbc.adapter.WrapperAdapter.isWrapperFor(java.lang.Class) throws java.sql.SQLException] because it is marked as final: Consider using interface-based JDK proxies instead!
01-14-2020 INFO o.s.a.f.CglibAopProxy || [localhost-startStop-1] -doValidateClass-268- Final method [public final boolean io.shardingjdbc.core.jdbc.adapter.WrapperAdapter.isWrapperFor(java.lang.Class) throws java.sql.SQLException] cannot get proxied via CGLIB: Calls to this method will NOT be routed to the target instance and might lead to NPEs against uninitialized fields in the proxy instance.
01-14-2020 INFO o.s.a.f.CglibAopProxy || [localhost-startStop-1] -doValidateClass-268- Final method [public final void io.shardingjdbc.core.jdbc.adapter.WrapperAdapter.recordMethodInvocation(java.lang.Class,java.lang.String,java.lang.Class[],java.lang.Object[])] cannot get proxied via CGLIB: Calls to this method will NOT be routed to the target instance and might lead to NPEs against uninitialized fields in the proxy instance.
01-14-2020 INFO o.s.a.f.CglibAopProxy || [localhost-startStop-1] -doValidateClass-268- Final method [public final void io.shardingjdbc.core.jdbc.adapter.WrapperAdapter.replayMethodsInvocation(java.lang.Object)] cannot get proxied via CGLIB: Calls to this method will NOT be routed to the target instance and might lead to NPEs against uninitialized fields in the proxy instance.
01-14-2020 INFO o.s.c.a.AnnotationConfigApplicationContext || [localhost-startStop-1] -prepareRefresh-583- Refreshing org.springframework.context.annotation.AnnotationConfigApplicationContext@33b14aa2: startup date [Tue Jan 14 22:22:00 CST 2020]; parent: org.springframework.boot.context.embedded.AnnotationConfigEmbeddedWebApplicationContext@59ab8480
01-14-2020 INFO o.s.b.f.a.AutowiredAnnotationBeanPostProcessor || [localhost-startStop-1] -<init>-155- JSR-330 'javax.inject.Inject' annotation found and supported for autowiring
01-14-2020 INFO o.s.c.a.AnnotationConfigApplicationContext || [localhost-startStop-1] -prepareRefresh-583- Refreshing org.springframework.context.annotation.AnnotationConfigApplicationContext@3ab287b4: startup date [Tue Jan 14 22:22:00 CST 2020]; parent: org.springframework.boot.context.embedded.AnnotationConfigEmbeddedWebApplicationContext@59ab8480
01-14-2020 INFO o.s.b.f.a.AutowiredAnnotationBeanPostProcessor || [localhost-startStop-1] -<init>-155- JSR-330 'javax.inject.Inject' annotation found and supported for autowiring
01-14-2020 INFO o.s.b.w.s.FilterRegistrationBean || [localhost-startStop-1] -configure-258- Mapping filter: 'characterEncodingFilter' to: [/*]
01-14-2020 INFO o.s.b.w.s.FilterRegistrationBean || [localhost-startStop-1] -configure-258- Mapping filter: 'hiddenHttpMethodFilter' to: [/*]
01-14-2020 INFO o.s.b.w.s.FilterRegistrationBean || [localhost-startStop-1] -configure-258- Mapping filter: 'httpPutFormContentFilter' to: [/*]
01-14-2020 INFO o.s.b.w.s.FilterRegistrationBean || [localhost-startStop-1] -configure-258- Mapping filter: 'requestContextFilter' to: [/*]
01-14-2020 INFO o.s.b.w.s.FilterRegistrationBean || [localhost-startStop-1] -configure-271- Mapping filter: 'ipFilter' to urls: [/*]
01-14-2020 INFO o.s.b.w.s.ServletRegistrationBean || [localhost-startStop-1] -onStartup-190- Mapping servlet: 'dispatcherServlet' to [/]
01-14-2020 INFO o.s.c.a.AnnotationConfigApplicationContext || [main] -prepareRefresh-583- Refreshing org.springframework.context.annotation.AnnotationConfigApplicationContext@4b47ceaf: startup date [Tue Jan 14 22:22:07 CST 2020]; parent: org.springframework.boot.context.embedded.AnnotationConfigEmbeddedWebApplicationContext@59ab8480
01-14-2020 INFO o.s.b.f.a.AutowiredAnnotationBeanPostProcessor || [main] -<init>-155- JSR-330 'javax.inject.Inject' annotation found and supported for autowiring
01-14-2020 INFO o.s.c.a.AnnotationConfigApplicationContext || [main] -prepareRefresh-583- Refreshing org.springframework.context.annotation.AnnotationConfigApplicationContext@7f3df84: startup date [Tue Jan 14 22:22:07 CST 2020]; parent: org.springframework.boot.context.embedded.AnnotationConfigEmbeddedWebApplicationContext@59ab8480
01-14-2020 INFO o.s.b.f.a.AutowiredAnnotationBeanPostProcessor || [main] -<init>-155- JSR-330 'javax.inject.Inject' annotation found and supported for autowiring
01-14-2020 INFO o.s.c.a.AnnotationConfigApplicationContext || [main] -prepareRefresh-583- Refreshing org.springframework.context.annotation.AnnotationConfigApplicationContext@611a234d: startup date [Tue Jan 14 22:22:08 CST 2020]; parent: org.springframework.boot.context.embedded.AnnotationConfigEmbeddedWebApplicationContext@59ab8480
01-14-2020 INFO o.s.b.f.a.AutowiredAnnotationBeanPostProcessor || [main] -<init>-155- JSR-330 'javax.inject.Inject' annotation found and supported for autowiring
01-14-2020 INFO o.s.c.a.AnnotationConfigApplicationContext || [main] -prepareRefresh-583- Refreshing org.springframework.context.annotation.AnnotationConfigApplicationContext@3047b32c: startup date [Tue Jan 14 22:22:09 CST 2020]; parent: org.springframework.boot.context.embedded.AnnotationConfigEmbeddedWebApplicationContext@59ab8480
01-14-2020 INFO o.s.b.f.a.AutowiredAnnotationBeanPostProcessor || [main] -<init>-155- JSR-330 'javax.inject.Inject' annotation found and supported for autowiring
01-14-2020 INFO o.s.c.a.AnnotationConfigApplicationContext || [main] -prepareRefresh-583- Refreshing org.springframework.context.annotation.AnnotationConfigApplicationContext@49f7ce54: startup date [Tue Jan 14 22:22:09 CST 2020]; parent: org.springframework.boot.context.embedded.AnnotationConfigEmbeddedWebApplicationContext@59ab8480
01-14-2020 INFO o.s.b.f.a.AutowiredAnnotationBeanPostProcessor || [main] -<init>-155- JSR-330 'javax.inject.Inject' annotation found and supported for autowiring
01-14-2020 INFO c.q.c.w.m.HttpClientManagerV2 || [main] -closeIdleStart-333- HttpManager close idle every 30 seconds
01-14-2020 INFO o.s.c.a.AnnotationConfigApplicationContext || [main] -prepareRefresh-583- Refreshing org.springframework.context.annotation.AnnotationConfigApplicationContext@a311312: startup date [Tue Jan 14 22:22:10 CST 2020]; parent: org.springframework.boot.context.embedded.AnnotationConfigEmbeddedWebApplicationContext@59ab8480
01-14-2020 INFO o.s.b.f.a.AutowiredAnnotationBeanPostProcessor || [main] -<init>-155- JSR-330 'javax.inject.Inject' annotation found and supported for autowiring
01-14-2020 INFO c.q.c.u.QingqingFtpClientV2 || [main] -connect-64- file ftp connected
01-14-2020 INFO c.q.t.c.FtpResourceConfig || [main] -shadownKeyInitialization-79- triple des init status:true
01-14-2020 INFO c.q.c.u.QingqingFtpClientV2 || [main] -connect-64- file ftp connected
01-14-2020 INFO c.q.c.u.QingqingFtpClientV2 || [main] -downloadByFilePath-109- switching to ftp dir:/
01-14-2020 INFO c.q.c.u.QingqingFtpClientV2 || [main] -downloadByFilePath-114- 23 files in dir:/
01-14-2020 INFO c.q.c.u.QingqingFtpClientV2 || [main] -downloadByFilePath-124- /1w_hash.txt downloaded succ
01-14-2020 INFO c.q.t.c.FtpResourceConfig || [main] -userIdTxtInitialization-113- init userid shuffler status:true
01-14-2020 INFO c.q.c.u.QingqingFtpClientV2 || [main] -connect-64- file ftp connected
01-14-2020 INFO c.q.c.u.QingqingFtpClientV2 || [main] -downloadByFilePath-109- switching to ftp dir:/
01-14-2020 INFO c.q.c.u.QingqingFtpClientV2 || [main] -downloadByFilePath-114- 23 files in dir:/
01-14-2020 INFO c.q.c.u.QingqingFtpClientV2 || [main] -downloadByFilePath-124- /100w_hash.txt downloaded succ
01-14-2020 INFO c.q.t.c.FtpResourceConfig || [main] -orderIdTxtInitialization-145- init orderId shuffler status:true
01-14-2020 INFO c.q.c.u.QingqingFtpClientV2 || [main] -connect-64- file ftp connected
01-14-2020 INFO c.q.c.u.QingqingFtpClientV2 || [main] -downloadByFilePath-109- switching to ftp dir:/
01-14-2020 INFO c.q.c.u.QingqingFtpClientV2 || [main] -downloadByFilePath-114- 23 files in dir:/
01-14-2020 INFO c.q.c.u.QingqingFtpClientV2 || [main] -downloadByFilePath-124- /privateKey downloaded succ
01-14-2020 INFO c.q.c.u.QingqingFtpClientV2 || [main] -connect-64- file ftp connected
01-14-2020 INFO c.q.c.u.QingqingFtpClientV2 || [main] -downloadByFilePath-109- switching to ftp dir:/
01-14-2020 INFO c.q.c.u.QingqingFtpClientV2 || [main] -downloadByFilePath-114- 23 files in dir:/
01-14-2020 INFO c.q.c.u.QingqingFtpClientV2 || [main] -downloadByFilePath-124- /publicKey downloaded succ
01-14-2020 INFO c.q.t.c.FtpResourceConfig || [main] -rsaKeyInitialization-172- rsa init status: true
01-14-2020 WARN o.s.c.n.a.ArchaiusAutoConfiguration || [main] -configureArchaius-148- No spring.application.name found, defaulting to 'application'
01-14-2020 WARN c.n.c.s.URLConfigurationSource || [main] -<init>-121- No URLs will be polled as dynamic configuration sources.
01-14-2020 INFO c.n.c.s.URLConfigurationSource || [main] -<init>-122- To enable URLs as dynamic configuration sources, define System property archaius.configurationSource.additionalUrls or make config.properties available on classpath.
01-14-2020 WARN c.n.c.s.URLConfigurationSource || [main] -<init>-121- No URLs will be polled as dynamic configuration sources.
01-14-2020 INFO c.n.c.s.URLConfigurationSource || [main] -<init>-122- To enable URLs as dynamic configuration sources, define System property archaius.configurationSource.additionalUrls or make config.properties available on classpath.
01-14-2020 INFO o.s.w.s.m.m.a.RequestMappingHandlerAdapter || [main] -initControllerAdviceCache-534- Looking for @ControllerAdvice: org.springframework.boot.context.embedded.AnnotationConfigEmbeddedWebApplicationContext@59ab8480: startup date [Tue Jan 14 22:21:35 CST 2020]; parent: org.springframework.context.annotation.AnnotationConfigApplicationContext@6edb6594
01-14-2020 INFO o.s.w.s.m.m.a.RequestMappingHandlerMapping || [main] -register-543- Mapped "{[/v1/common/crond_task]}" onto public com.qingqing.test.bean.base.SimpleResponse com.qingqing.test.controller.CommonController.encode(com.qingqing.api.proto.v1.util.Common$SimpleStringRequest)
01-14-2020 INFO o.s.w.s.m.m.a.RequestMappingHandlerMapping || [main] -register-543- Mapped "{[/v1/common/crond_task_page]}" onto public java.lang.String com.qingqing.test.controller.CommonController.crond(java.lang.String,org.springframework.ui.Model)
01-14-2020 INFO o.s.w.s.m.m.a.RequestMappingHandlerMapping || [main] -register-543- Mapped "{[/v1/common/pb]}" onto public java.lang.String com.qingqing.test.controller.CommonController.pbRequest(com.qingqing.test.bean.common.UrlAndParam)
01-14-2020 INFO o.s.w.s.m.m.a.RequestMappingHandlerMapping || [main] -register-543- Mapped "{[/v1/common/pi]}" onto public java.lang.String com.qingqing.test.controller.CommonController.piRequest(com.qingqing.test.bean.common.UserCommonRequest)
01-14-2020 INFO o.s.w.s.m.m.a.RequestMappingHandlerMapping || [main] -register-543- Mapped "{[/v1/common/pt]}" onto public java.lang.String com.qingqing.test.controller.CommonController.ptRequest(com.qingqing.test.bean.common.UserCommonRequest)
01-14-2020 INFO o.s.w.s.m.m.a.RequestMappingHandlerMapping || [main] -register-543- Mapped "{[/v1/common/haha]}" onto public java.lang.String com.qingqing.test.controller.CommonController.haha(java.lang.String,org.springframework.ui.Model)
01-14-2020 INFO o.s.w.s.m.m.a.RequestMappingHandlerMapping || [main] -register-543- Mapped "{[/v1/common/wx_notify]}" onto public com.qingqing.api.proto.v1.ProtoBufResponse$SimpleResponse com.qingqing.test.controller.CommonController.wxNotify(java.lang.String)
01-14-2020 INFO o.s.w.s.m.m.a.RequestMappingHandlerMapping || [main] -register-543- Mapped "{[/v1/common/pi_v2]}" onto public java.lang.String com.qingqing.test.controller.CommonController.piRequestV2(com.qingqing.test.bean.common.UserCommonRequest)
01-14-2020 INFO o.s.w.s.m.m.a.RequestMappingHandlerMapping || [main] -register-543- Mapped "{[/v1/config/common/invoke_page]}" onto public java.lang.String com.qingqing.test.controller.config.CommonConfigController.invoke(java.lang.Long,java.lang.String,org.springframework.ui.Model)
01-14-2020 INFO o.s.w.s.m.m.a.RequestMappingHandlerMapping || [main] -register-543- Mapped "{[/v1/config/common/add]}" onto public com.qingqing.test.bean.base.SimpleResponse com.qingqing.test.controller.config.CommonConfigController.add(com.qingqing.test.bean.config.SaveCommonConfigBean)
01-14-2020 INFO o.s.w.s.m.m.a.RequestMappingHandlerMapping || [main] -register-543- Mapped "{[/v1/config/common/add_page]}" onto public java.lang.String com.qingqing.test.controller.config.CommonConfigController.add(java.lang.Long,org.springframework.ui.Model)
01-14-2020 INFO o.s.w.s.m.m.a.RequestMappingHandlerMapping || [main] -register-543- Mapped "{[/v1/config/common/delete]}" onto public com.qingqing.test.bean.base.SimpleResponse com.qingqing.test.controller.config.CommonConfigController.delete(com.qingqing.api.proto.v1.util.Common$SimpleLongRequest)
01-14-2020 INFO o.s.w.s.m.m.a.RequestMappingHandlerMapping || [main] -register-543- Mapped "{[/v1/config/common/update]}" onto public com.qingqing.test.bean.base.SimpleResponse com.qingqing.test.controller.config.CommonConfigController.update(com.qingqing.test.domain.config.TestCommonConfig)
01-14-2020 INFO o.s.w.s.m.m.a.RequestMappingHandlerMapping || [main] -register-543- Mapped "{[/v1/config/common/find_by_id]}" onto public com.qingqing.test.bean.common.response.SingleResponse<com.qingqing.test.domain.config.TestCommonConfig> com.qingqing.test.controller.config.CommonConfigController.select(com.qingqing.api.proto.v1.util.Common$SimpleLongRequest)
01-14-2020 INFO o.s.w.s.m.m.a.RequestMappingHandlerMapping || [main] -register-543- Mapped "{[/cron/v1/sync]}" onto public org.springframework.http.ResponseEntity<java.lang.String> com.qingqing.test.controller.CronController.sync(com.qingqing.test.manager.ISyncable$SyncType)
01-14-2020 INFO o.s.w.s.m.m.a.RequestMappingHandlerMapping || [main] -register-543- Mapped "{[/cron/v1/check]}" onto public org.springframework.http.ResponseEntity<java.lang.String> com.qingqing.test.controller.CronController.check()
01-14-2020 INFO o.s.w.s.m.m.a.RequestMappingHandlerMapping || [main] -register-543- Mapped "{[/cron/v1/event/ignore]}" onto public org.springframework.http.ResponseEntity<java.lang.String> com.qingqing.test.controller.CronController.ignoreEvent(int)
01-14-2020 INFO o.s.w.s.m.m.a.RequestMappingHandlerMapping || [main] -register-543- Mapped "{[/cron/v1/event/resume]}" onto public org.springframework.http.ResponseEntity<java.lang.String> com.qingqing.test.controller.CronController.resumeEvent(int)
01-14-2020 INFO o.s.w.s.m.m.a.RequestMappingHandlerMapping || [main] -register-543- Mapped "{[/v1/download/cross]}" onto public void com.qingqing.test.controller.DownloadController.decodePhone(javax.servlet.http.HttpServletResponse) throws java.io.IOException
01-14-2020 INFO o.s.w.s.m.m.a.RequestMappingHandlerMapping || [main] -register-543- Mapped "{[/v1/mock/invoke],methods=[POST]}" onto public java.lang.String com.qingqing.test.controller.mock.CommonMockController.apply(java.lang.String,java.lang.String)
01-14-2020 INFO o.s.w.s.m.m.a.RequestMappingHandlerMapping || [main] -register-543- Mapped "{[/v1/mock/rule/add],methods=[POST]}" onto public com.qingqing.test.bean.base.SimpleResponse com.qingqing.test.controller.mock.CommonMockController.addRule(com.qingqing.test.domain.mock.MockRule)
01-14-2020 INFO o.s.w.s.m.m.a.RequestMappingHandlerMapping || [main] -register-543- Mapped "{[/v1/mock/type/delete],methods=[POST]}" onto public com.qingqing.test.bean.base.SimpleResponse com.qingqing.test.controller.mock.CommonMockController.deleteRuleType(com.qingqing.api.proto.v1.util.Common$SimpleLongRequest)
01-14-2020 INFO o.s.w.s.m.m.a.RequestMappingHandlerMapping || [main] -register-543- Mapped "{[/v1/mock/rule/list],methods=[POST]}" onto public com.qingqing.test.bean.common.response.ListResponse<com.qingqing.test.domain.mock.MockRule> com.qingqing.test.controller.mock.CommonMockController.addgetRuleList(com.qingqing.api.proto.v1.util.Common$SimpleStringRequest)
01-14-2020 INFO o.s.w.s.m.m.a.RequestMappingHandlerMapping || [main] -register-543- Mapped "{[/v1/mock/type/list],methods=[POST]}" onto public com.qingqing.test.bean.common.response.ListResponse<com.qingqing.test.domain.mock.MockType> com.qingqing.test.controller.mock.CommonMockController.getRuleTypeList()
01-14-2020 INFO o.s.w.s.m.m.a.RequestMappingHandlerMapping || [main] -register-543- Mapped "{[/v1/mock/type]}" onto public java.lang.String com.qingqing.test.controller.mock.CommonMockController.typePage()
01-14-2020 INFO o.s.w.s.m.m.a.RequestMappingHandlerMapping || [main] -register-543- Mapped "{[/v1/mock/rule/set_default],methods=[POST]}" onto public com.qingqing.test.bean.base.SimpleResponse com.qingqing.test.controller.mock.CommonMockController.markDefault(com.qingqing.test.bean.common.IdAndBoolBean)
01-14-2020 INFO o.s.w.s.m.m.a.RequestMappingHandlerMapping || [main] -register-543- Mapped "{[/v1/mock/rule]}" onto public java.lang.String com.qingqing.test.controller.mock.CommonMockController.rulePage(org.springframework.ui.Model,java.lang.String)
01-14-2020 INFO o.s.w.s.m.m.a.RequestMappingHandlerMapping || [main] -register-543- Mapped "{[/v1/mock/rule/set_notMock],methods=[POST]}" onto public com.qingqing.test.bean.base.SimpleResponse com.qingqing.test.controller.mock.CommonMockController.markNotMock(com.qingqing.test.bean.common.IdAndBoolBean)
01-14-2020 INFO o.s.w.s.m.m.a.RequestMappingHandlerMapping || [main] -register-543- Mapped "{[/v1/mock/type/edit]}" onto public java.lang.String com.qingqing.test.controller.mock.CommonMockController.typeEditPage(org.springframework.ui.Model,java.lang.Long)
01-14-2020 INFO o.s.w.s.m.m.a.RequestMappingHandlerMapping || [main] -register-543- Mapped "{[/v1/mock/rule/set_deleted],methods=[POST]}" onto public com.qingqing.test.bean.base.SimpleResponse com.qingqing.test.controller.mock.CommonMockController.markDeleted(com.qingqing.test.bean.common.IdAndBoolBean)
01-14-2020 INFO o.s.w.s.m.m.a.RequestMappingHandlerMapping || [main] -register-543- Mapped "{[/v1/mock/rule/edit]}" onto public java.lang.String com.qingqing.test.controller.mock.CommonMockController.editRule(org.springframework.ui.Model,java.lang.Long,java.lang.String)
01-14-2020 INFO o.s.w.s.m.m.a.RequestMappingHandlerMapping || [main] -register-543- Mapped "{[/v1/mock/type/add],methods=[POST]}" onto public com.qingqing.test.bean.base.SimpleResponse com.qingqing.test.controller.mock.CommonMockController.addRuleType(com.qingqing.test.domain.mock.MockType)
01-14-2020 INFO o.s.w.s.m.m.a.RequestMappingHandlerMapping || [main] -register-543- Mapped "{[/error]}" onto public java.lang.String com.qingqing.test.controller.MyErrorController.error()
01-14-2020 INFO o.s.w.s.m.m.a.RequestMappingHandlerMapping || [main] -register-543- Mapped "{[/logout]}" onto public java.lang.String com.qingqing.test.controller.MyErrorController.logout(java.lang.String)
01-14-2020 INFO o.s.w.s.m.m.a.RequestMappingHandlerMapping || [main] -register-543- Mapped "{[/pb/ok.html]}" onto public org.springframework.http.ResponseEntity<java.lang.String> com.qingqing.test.controller.OkController.ok(javax.servlet.http.HttpServletRequest,javax.servlet.http.HttpServletResponse)
01-14-2020 INFO o.s.w.s.m.m.a.RequestMappingHandlerMapping || [main] -register-543- Mapped "{[/v1/order/add]}" onto public java.lang.String com.qingqing.test.controller.OrderController.add()
01-14-2020 INFO o.s.w.s.m.m.a.RequestMappingHandlerMapping || [main] -register-543- Mapped "{[/v1/order/student/add_order_page]}" onto public java.lang.String com.qingqing.test.controller.OrderController.studentAddOrderPage()
01-14-2020 INFO o.s.w.s.m.m.a.RequestMappingHandlerMapping || [main] -register-543- Mapped "{[/v1/order/class_order/add_page]}" onto public java.lang.String com.qingqing.test.controller.OrderController.addClassOrderPage()
01-14-2020 INFO o.s.w.s.m.m.a.RequestMappingHandlerMapping || [main] -register-543- Mapped "{[/v1/order/student/sub_order_detail]}" onto public com.qingqing.api.proto.v1.order.Order$GroupSubOrderInfoDetailV2Response com.qingqing.test.controller.OrderController.subOrderDetail(com.qingqing.test.bean.order.request.StudentSubOrderDetailRequest)
01-14-2020 INFO o.s.w.s.m.m.a.RequestMappingHandlerMapping || [main] -register-543- Mapped "{[/v1/order/detail_for_class_order]}" onto public java.lang.String com.qingqing.test.controller.OrderController.detailForClassOrder(com.qingqing.api.proto.v1.util.Common$SimpleLongRequest)
01-14-2020 INFO o.s.w.s.m.m.a.RequestMappingHandlerMapping || [main] -register-543- Mapped "{[/v1/order/student/order/value_voucher_list]}" onto public com.qingqing.api.proto.v1.ValueVoucher$ListValueVoucherWithRecommendIdResponse com.qingqing.test.controller.OrderController.valueVoucherList(com.qingqing.test.bean.order.request.StudentSubOrderDetailRequest)
01-14-2020 INFO o.s.w.s.m.m.a.RequestMappingHandlerMapping || [main] -register-543- Mapped "{[/v1/order/student/add_order]}" onto public java.lang.String com.qingqing.test.controller.OrderController.studentAddOrder(com.qingqing.test.bean.order.StudentAddOrderBean)
01-14-2020 INFO o.s.w.s.m.m.a.RequestMappingHandlerMapping || [main] -register-543- Mapped "{[/v1/order/teacher/detail_for_order]}" onto public java.lang.String com.qingqing.test.controller.OrderController.detailForOrder(com.qingqing.test.bean.order.request.DetailForOrderRequest)
01-14-2020 INFO o.s.w.s.m.m.a.RequestMappingHandlerMapping || [main] -register-543- Mapped "{[/v1/order/class_order/made_up]}" onto public com.qingqing.api.proto.v1.ProtoBufResponse$SimpleResponse com.qingqing.test.controller.OrderController.madeUpClassOrder(com.qingqing.test.bean.order.request.MadeUpClassOrderRequest)
01-14-2020 INFO o.s.w.s.m.m.a.RequestMappingHandlerMapping || [main] -register-543- Mapped "{[/v1/order/add_class_order]}" onto public java.lang.String com.qingqing.test.controller.OrderController.addClassOrder(com.qingqing.test.bean.order.AddClassOrderBean)
01-14-2020 INFO o.s.w.s.m.m.a.RequestMappingHandlerMapping || [main] -register-543- Mapped "{[/v1/order/made_up]}" onto public com.qingqing.api.proto.v1.ProtoBufResponse$SimpleResponse com.qingqing.test.controller.OrderController.madeUp(com.qingqing.test.bean.common.request.SimpleLongStudentRequest)
01-14-2020 INFO o.s.w.s.m.m.a.RequestMappingHandlerMapping || [main] -register-543- Mapped "{[/v1/order_course/freeze_apply/query_by_order_course_id]}" onto public com.qingqing.test.bean.common.response.SingleResponse<com.qingqing.test.domain.order.GroupUserCourseApply> com.qingqing.test.controller.OrderCourseController.queryFreezeApply(com.qingqing.api.proto.v1.util.Common$SimpleLongRequest)
01-14-2020 INFO o.s.w.s.m.m.a.RequestMappingHandlerMapping || [main] -register-543- Mapped "{[/v1/order_course/freeze_apply/page]}" onto public java.lang.String com.qingqing.test.controller.OrderCourseController.queryFreezeApply(java.lang.Long,java.lang.String,org.springframework.ui.Model)
01-14-2020 INFO o.s.w.s.m.m.a.RequestMappingHandlerMapping || [main] -register-543- Mapped "{[/v1/order_course/order_course_list]}" onto public java.lang.String com.qingqing.test.controller.OrderCourseController.orderCourseList(com.qingqing.api.proto.v1.util.Common$SimpleStringRequest)
01-14-2020 INFO o.s.w.s.m.m.a.RequestMappingHandlerMapping || [main] -register-543- Mapped "{[/v1/order_course/change_apply/apply_page]}" onto public java.lang.String com.qingqing.test.controller.OrderCourseController.changeApplyPageApply(java.lang.Long,java.lang.Long,java.lang.String,org.springframework.ui.Model)
01-14-2020 INFO o.s.w.s.m.m.a.RequestMappingHandlerMapping || [main] -register-543- Mapped "{[/v1/order_course/change_apply/page]}" onto public java.lang.String com.qingqing.test.controller.OrderCourseController.changeApplyPage(java.lang.Long,java.lang.Long,java.lang.String,org.springframework.ui.Model)
01-14-2020 INFO o.s.w.s.m.m.a.RequestMappingHandlerMapping || [main] -register-543- Mapped "{[/v1/order_course/teacher/start_class]}" onto public com.qingqing.api.proto.v1.ProtoBufResponse$SimpleResponse com.qingqing.test.controller.OrderCourseController.startClass(com.qingqing.test.bean.ordercourse.request.StartClassRequest)
01-14-2020 INFO o.s.w.s.m.m.a.RequestMappingHandlerMapping || [main] -register-543- Mapped "{[/v1/order_course/student/finish_class]}" onto public com.qingqing.api.proto.v1.ProtoBufResponse$SimpleResponse com.qingqing.test.controller.OrderCourseController.finishClass(com.qingqing.test.bean.common.request.SimpleLongStudentRequest)
01-14-2020 INFO o.s.w.s.m.m.a.RequestMappingHandlerMapping || [main] -register-543- Mapped "{[/v1/order_course/freeze_apply/mock]}" onto public com.qingqing.api.proto.v1.course.OrderCourse$OrderCourseFinishMockResponse com.qingqing.test.controller.OrderCourseController.mockFinish(com.qingqing.api.proto.v1.course.OrderCourse$OrderCourseFinishMockRequest)
01-14-2020 INFO o.s.w.s.m.m.a.RequestMappingHandlerMapping || [main] -register-543- Mapped "{[/v1/order_course/student/apply_freeze]}" onto public com.qingqing.api.proto.v1.ProtoBufResponse$SimpleResponse com.qingqing.test.controller.OrderCourseController.applyFreeze(com.qingqing.test.bean.common.request.SimpleLongStudentRequest)
01-14-2020 INFO o.s.w.s.m.m.a.RequestMappingHandlerMapping || [main] -register-543- Mapped "{[/v1/order_course/freeze_apply/process]}" onto public com.qingqing.api.proto.v1.ProtoBufResponse$SimpleResponse com.qingqing.test.controller.OrderCourseController.processFreeze(com.qingqing.api.proto.v1.course.OrderCourse$OrderCourseThirdPartyJudgeRequestV4)
01-14-2020 INFO o.s.w.s.m.m.a.RequestMappingHandlerMapping || [main] -register-543- Mapped "{[/v1/order_course/student/apply_cancel]}" onto public java.lang.String com.qingqing.test.controller.OrderCourseController.applyCancel(com.qingqing.test.bean.common.UserCommonRequest)
01-14-2020 INFO o.s.w.s.m.m.a.RequestMappingHandlerMapping || [main] -register-543- Mapped "{[/v1/order_course/cancel_apply/process]}" onto public java.lang.String com.qingqing.test.controller.OrderCourseController.processCancel(java.lang.String,java.lang.String,org.springframework.ui.Model)
01-14-2020 INFO o.s.w.s.m.m.a.RequestMappingHandlerMapping || [main] -register-543- Mapped "{[/v1/pay/ack_pay]}" onto public com.qingqing.api.proto.v1.Pay$PayResult com.qingqing.test.controller.PayController.pay(com.qingqing.test.bean.pay.request.PayRequestBean)
01-14-2020 INFO o.s.w.s.m.m.a.RequestMappingHandlerMapping || [main] -register-543- Mapped "{[/v1/pay/ack_pay_v2]}" onto public com.qingqing.api.proto.v1.Pay$PayResult com.qingqing.test.controller.PayController.payV2(com.qingqing.test.bean.pay.request.PayRequestBeanV2)
01-14-2020 INFO o.s.w.s.m.m.a.RequestMappingHandlerMapping || [main] -register-543- Mapped "{[/v1/pay/mock_third_pay]}" onto public com.qingqing.api.proto.v1.ProtoBufResponse$SimpleResponse com.qingqing.test.controller.PayController.mockThirdPay(com.qingqing.api.proto.v1.util.Common$SimpleStringRequest)
01-14-2020 INFO o.s.w.s.m.m.a.RequestMappingHandlerMapping || [main] -register-543- Mapped "{[/v1/pay/pre_pay]}" onto public java.lang.String com.qingqing.test.controller.PayController.prePay(com.qingqing.test.bean.pay.request.PrePayRequestBean)
01-14-2020 INFO o.s.w.s.m.m.a.RequestMappingHandlerMapping || [main] -register-543- Mapped "{[/v1/pay/pay_infos_2]}" onto public java.lang.String com.qingqing.test.controller.PayController.payInfos2(com.qingqing.api.proto.v1.Pay$PayCheckRequest)
01-14-2020 INFO o.s.w.s.m.m.a.RequestMappingHandlerMapping || [main] -register-543- Mapped "{[/v1/pay/mock_pay_notify]}" onto public java.lang.String com.qingqing.test.controller.PayController.mockPay(java.lang.String,java.lang.Long,java.lang.String,java.lang.String,java.lang.Long,java.lang.String,org.springframework.ui.Model)
01-14-2020 INFO o.s.w.s.m.m.a.RequestMappingHandlerMapping || [main] -register-543- Mapped "{[/v1/pay/check_pay]}" onto public com.qingqing.api.proto.v1.Pay$PayCheckResponse com.qingqing.test.controller.PayController.checkPay(com.qingqing.test.bean.pay.request.CheckPayRequest)
01-14-2020 INFO o.s.w.s.m.m.a.RequestMappingHandlerMapping || [main] -register-543- Mapped "{[/v1/pay/pay_infos]}" onto public java.lang.String com.qingqing.test.controller.PayController.payInfos(com.qingqing.test.bean.order.QingQingCommonOrderBean)
01-14-2020 INFO o.s.w.s.m.m.a.RequestMappingHandlerMapping || [main] -register-543- Mapped "{[/v1/pay/pre_pay_v2]}" onto public java.lang.String com.qingqing.test.controller.PayController.prePayV2(com.qingqing.test.bean.pay.request.PrePayRequestBeanV2)
01-14-2020 INFO o.s.w.s.m.m.a.RequestMappingHandlerMapping || [main] -register-543- Mapped "{[/v1/pay/check_pay_v2]}" onto public com.qingqing.api.proto.v1.Pay$PayCheckResponse com.qingqing.test.controller.PayController.checkPayV2(com.qingqing.test.bean.pay.request.CheckPayRequestV2)
01-14-2020 INFO o.s.w.s.m.m.a.RequestMappingHandlerMapping || [main] -register-543- Mapped "{[/v1/report/daily]}" onto public com.qingqing.test.bean.base.SimpleResponse com.qingqing.test.controller.report.ReportController.dailyReport()
01-14-2020 INFO o.s.w.s.m.m.a.RequestMappingHandlerMapping || [main] -register-543- Mapped "{[/v1/student/addresses]}" onto public com.qingqing.api.proto.v1.UserAddress$QueryUserAddressResponse com.qingqing.test.controller.StudentController.studentAddress(com.qingqing.api.proto.v1.util.Common$SimpleLongRequest)
01-14-2020 INFO o.s.w.s.m.m.a.RequestMappingHandlerMapping || [main] -register-543- Mapped "{[/v1/task/main_page]}" onto public java.lang.String com.qingqing.test.controller.task.TaskController.add(java.lang.Long,java.lang.String,int,org.springframework.ui.Model)
01-14-2020 INFO o.s.w.s.m.m.a.RequestMappingHandlerMapping || [main] -register-543- Mapped "{[/v1/teacher/addresses]}" onto public com.qingqing.api.proto.v1.UserAddress$QueryUserAddressResponse com.qingqing.test.controller.teacher.TeacherController.studentAddress(java.lang.Long)
01-14-2020 INFO o.s.w.s.m.m.a.RequestMappingHandlerMapping || [main] -register-543- Mapped "{[/v1/teacher/tag/list]}" onto public com.qingqing.test.bean.common.response.ListResponse<com.qingqing.test.domain.teacher.TeacherAttributeTag> com.qingqing.test.controller.teacher.TeacherController.tagList(com.qingqing.api.proto.v1.util.Common$SimpleLongRequest)
01-14-2020 INFO o.s.w.s.m.m.a.RequestMappingHandlerMapping || [main] -register-543- Mapped "{[/v1/teacher/tag]}" onto public java.lang.String com.qingqing.test.controller.teacher.TeacherController.tagPage()
01-14-2020 INFO o.s.w.s.m.m.a.RequestMappingHandlerMapping || [main] -register-543- Mapped "{[/v1/teacher/tag/set]}" onto public com.qingqing.test.bean.base.SimpleResponse com.qingqing.test.controller.teacher.TeacherController.setTag(com.qingqing.test.bean.teacher.SetTeacherTagRequest)
01-14-2020 INFO o.s.w.s.m.m.a.RequestMappingHandlerMapping || [main] -register-543- Mapped "{[/v1/test/interface/invoke]}" onto public com.qingqing.api.proto.v1.ProtoBufResponse$SimpleDataResponse com.qingqing.test.controller.TestController.invoke(com.qingqing.test.bean.inter.request.InterfaceInvokeRequest)
01-14-2020 INFO o.s.w.s.m.m.a.RequestMappingHandlerMapping || [main] -register-543- Mapped "{[/v1/test/interface/save]}" onto public com.qingqing.api.proto.v1.ProtoBufResponse$SimpleDataResponse com.qingqing.test.controller.TestController.save(com.qingqing.test.bean.inter.SaveInterfaceBean)
01-14-2020 INFO o.s.w.s.m.m.a.RequestMappingHandlerMapping || [main] -register-543- Mapped "{[/v1/test/interface/all]}" onto public com.qingqing.test.bean.common.response.ListResponse<com.qingqing.test.domain.inter.TestInterface> com.qingqing.test.controller.TestController.allTestInterface()
01-14-2020 INFO o.s.w.s.m.m.a.RequestMappingHandlerMapping || [main] -register-543- Mapped "{[/v1/test/interface/param/default/set]}" onto public com.qingqing.api.proto.v1.ProtoBufResponse$SimpleResponse com.qingqing.test.controller.TestController.setParamDefault(com.qingqing.api.proto.v1.util.Common$SimpleLongRequest)
01-14-2020 INFO o.s.w.s.m.m.a.RequestMappingHandlerMapping || [main] -register-543- Mapped "{[/v1/test/json_format]}" onto public java.lang.String com.qingqing.test.controller.TestController.show(java.lang.Long,java.lang.Long,java.lang.String,int,int,int,java.lang.String,java.lang.Long,java.lang.String,int,org.springframework.ui.Model)
01-14-2020 INFO o.s.w.s.m.m.a.RequestMappingHandlerMapping || [main] -register-543- Mapped "{[/v1/test/test]}" onto public java.lang.String com.qingqing.test.controller.TestController.show(org.springframework.ui.Model,java.util.List<java.lang.Long>)
01-14-2020 INFO o.s.w.s.m.m.a.RequestMappingHandlerMapping || [main] -register-543- Mapped "{[/v1/test/catelog/edit]}" onto public java.lang.String com.qingqing.test.controller.TestController.editCatelog(java.lang.Long,org.springframework.ui.Model)
01-14-2020 INFO o.s.w.s.m.m.a.RequestMappingHandlerMapping || [main] -register-543- Mapped "{[/v1/test/interface/param/delete]}" onto public com.qingqing.api.proto.v1.ProtoBufResponse$SimpleResponse com.qingqing.test.controller.TestController.deleteParam(com.qingqing.api.proto.v1.util.Common$SimpleLongRequest)
01-14-2020 INFO o.s.w.s.m.m.a.RequestMappingHandlerMapping || [main] -register-543- Mapped "{[/v1/test/interface/request/convert]}" onto public com.qingqing.api.proto.v1.ProtoBufResponse$SimpleDataResponse com.qingqing.test.controller.TestController.convertParam(com.qingqing.api.proto.v1.util.Common$SimpleStringRequest)
01-14-2020 INFO o.s.w.s.m.m.a.RequestMappingHandlerMapping || [main] -register-543- Mapped "{[/v1/test/interface/param/save]}" onto public com.qingqing.api.proto.v1.ProtoBufResponse$SimpleDataResponse com.qingqing.test.controller.TestController.saveParam(com.qingqing.test.domain.inter.TestInterfaceParam)
01-14-2020 INFO o.s.w.s.m.m.a.RequestMappingHandlerMapping || [main] -register-543- Mapped "{[/v1/test/param/template]}" onto public java.lang.String com.qingqing.test.controller.TestController.paramTemplate()
01-14-2020 INFO o.s.w.s.m.m.a.RequestMappingHandlerMapping || [main] -register-543- Mapped "{[/v1/test/catelog/save]}" onto public com.qingqing.test.bean.common.response.SingleResponse com.qingqing.test.controller.TestController.saveCatelog(com.qingqing.test.bean.inter.SaveCatelogBean)
01-14-2020 INFO o.s.w.s.m.m.a.RequestMappingHandlerMapping || [main] -register-543- Mapped "{[/v1/test/interface]}" onto public com.qingqing.test.bean.inter.response.TestInterfaceResponse com.qingqing.test.controller.TestController.testInterface(com.qingqing.api.proto.v1.util.Common$SimpleLongRequest)
01-14-2020 INFO o.s.w.s.m.m.a.RequestMappingHandlerMapping || [main] -register-543- Mapped "{[/v1/test/interface/{id}]}" onto public com.qingqing.test.bean.inter.response.TestInterfaceResponse com.qingqing.test.controller.TestController.testInterface(java.lang.Long)
01-14-2020 INFO o.s.w.s.m.m.a.RequestMappingHandlerMapping || [main] -register-543- Mapped "{[/v1/test/user/token]}" onto public com.qingqing.test.bean.common.response.SingleResponse<com.qingqing.test.bean.inter.UserRequestParam> com.qingqing.test.controller.TestController.getToken(com.qingqing.api.proto.v1.UserProto$User)
01-14-2020 INFO o.s.w.s.m.m.a.RequestMappingHandlerMapping || [main] -register-543- Mapped "{[/v1/test/invoke_page]}" onto public java.lang.String com.qingqing.test.controller.TestController.invokePage(java.lang.Long,org.springframework.ui.Model)
01-14-2020 INFO o.s.w.s.m.m.a.RequestMappingHandlerMapping || [main] -register-543- Mapped "{[/v1/test/grid]}" onto public java.lang.String com.qingqing.test.controller.TestController.grid()
01-14-2020 INFO o.s.w.s.m.m.a.RequestMappingHandlerMapping || [main] -register-543- Mapped "{[/v1/test/catelog]}" onto public com.qingqing.test.bean.common.response.ListResponse<com.qingqing.test.bean.inter.CatelogBean> com.qingqing.test.controller.TestController.catelog()
01-14-2020 INFO o.s.w.s.m.m.a.RequestMappingHandlerMapping || [main] -register-543- Mapped "{[/v1/test/interface/edit]}" onto public java.lang.String com.qingqing.test.controller.TestController.edit(java.lang.Long,org.springframework.ui.Model)
01-14-2020 INFO o.s.w.s.m.m.a.RequestMappingHandlerMapping || [main] -register-543- Mapped "{[/v1/redis/get]}" onto public com.qingqing.test.bean.common.response.SingleResponse<java.lang.String> com.qingqing.test.controller.tools.RedisController.add(com.qingqing.api.proto.v1.util.Common$SimpleStringRequest)
01-14-2020 INFO o.s.w.s.m.m.a.RequestMappingHandlerMapping || [main] -register-543- Mapped "{[/v1/user/list_page]}" onto public java.lang.String com.qingqing.test.controller.user.UserController.userIpPage()
01-14-2020 INFO o.s.w.s.m.m.a.RequestMappingHandlerMapping || [main] -register-543- Mapped "{[/v1/user/edit]}" onto public java.lang.String com.qingqing.test.controller.user.UserController.editUserPage(java.lang.Long,org.springframework.ui.Model)
01-14-2020 INFO o.s.w.s.m.m.a.RequestMappingHandlerMapping || [main] -register-543- Mapped "{[/v1/user/isDeleted/set]}" onto public com.qingqing.test.bean.base.SimpleResponse com.qingqing.test.controller.user.UserController.updateDeleted(com.qingqing.test.bean.common.IdAndBoolBean)
01-14-2020 INFO o.s.w.s.m.m.a.RequestMappingHandlerMapping || [main] -register-543- Mapped "{[/v1/user/list]}" onto public com.qingqing.test.bean.common.response.ListResponse<com.qingqing.test.domain.user.TestUserIp> com.qingqing.test.controller.user.UserController.userList()
01-14-2020 INFO o.s.w.s.m.m.a.RequestMappingHandlerMapping || [main] -register-543- Mapped "{[/v1/user/tmp/login]}" onto public com.qingqing.test.bean.base.SimpleResponse com.qingqing.test.controller.user.UserController.tmpLogin(java.lang.String,java.lang.String)
01-14-2020 INFO o.s.w.s.m.m.a.RequestMappingHandlerMapping || [main] -register-543- Mapped "{[/v1/user/up/head_image]}" onto public com.qingqing.test.bean.base.SimpleResponse com.qingqing.test.controller.user.UserController.upHeadImage(org.springframework.web.multipart.MultipartFile)
01-14-2020 INFO o.s.w.s.m.m.a.RequestMappingHandlerMapping || [main] -register-543- Mapped "{[/v1/user/add]}" onto public com.qingqing.test.bean.base.SimpleResponse com.qingqing.test.controller.user.UserController.addUser(com.qingqing.test.domain.user.TestUserIp)
01-14-2020 INFO o.s.w.s.m.m.a.RequestMappingHandlerMapping || [main] -register-543- Mapped "{[/v1/utils/order/decode]}" onto public com.qingqing.test.bean.common.response.SingleResponse<java.lang.Long> com.qingqing.test.controller.UtilsController.decode(com.qingqing.api.proto.v1.util.Common$SimpleStringRequest)
01-14-2020 INFO o.s.w.s.m.m.a.RequestMappingHandlerMapping || [main] -register-543- Mapped "{[/v1/utils/phoneNumber/sync]}" onto public com.qingqing.test.bean.common.response.SingleResponse<java.lang.Integer> com.qingqing.test.controller.UtilsController.encode() throws java.lang.Exception
01-14-2020 INFO o.s.w.s.m.m.a.RequestMappingHandlerMapping || [main] -register-543- Mapped "{[/v1/utils/order/encode]}" onto public com.qingqing.test.bean.common.response.SingleResponse<java.lang.String> com.qingqing.test.controller.UtilsController.encode(com.qingqing.api.proto.v1.util.Common$SimpleStringRequest)
01-14-2020 INFO o.s.w.s.m.m.a.RequestMappingHandlerMapping || [main] -register-543- Mapped "{[/v1/utils/test]}" onto public java.lang.String com.qingqing.test.controller.UtilsController.test()
01-14-2020 INFO o.s.w.s.m.m.a.RequestMappingHandlerMapping || [main] -register-543- Mapped "{[/v1/utils/get_full_name]}" onto public com.qingqing.test.bean.common.response.ListResponse<java.lang.String> com.qingqing.test.controller.UtilsController.getFullClassName(com.qingqing.api.proto.v1.util.Common$SimpleStringRequest)
01-14-2020 INFO o.s.w.s.m.m.a.RequestMappingHandlerMapping || [main] -register-543- Mapped "{[/v1/utils/phone_user/convert]}" onto public com.qingqing.test.bean.common.response.SingleResponse<java.lang.Long> com.qingqing.test.controller.UtilsController.userPhoneConvert(com.qingqing.test.bean.common.UserWithDataBean)
01-14-2020 INFO o.s.w.s.m.m.a.RequestMappingHandlerMapping || [main] -register-543- Mapped "{[/v1/utils/user_phone/convert]}" onto public com.qingqing.test.bean.common.response.SingleResponse<java.lang.String> com.qingqing.test.controller.UtilsController.userPhoneConvert(com.qingqing.api.proto.v1.UserProto$User)
01-14-2020 INFO o.s.w.s.m.m.a.RequestMappingHandlerMapping || [main] -register-543- Mapped "{[/v1/utils/es/student-teacher]}" onto public java.lang.String com.qingqing.test.controller.UtilsController.biStudentTeacherIndexPage(org.springframework.ui.Model)
01-14-2020 INFO o.s.w.s.m.m.a.RequestMappingHandlerMapping || [main] -register-543- Mapped "{[/v1/utils/common/common_config]}" onto public java.lang.String com.qingqing.test.controller.UtilsController.commonConfigPage2(java.lang.String,org.springframework.ui.Model)
01-14-2020 INFO o.s.w.s.m.m.a.RequestMappingHandlerMapping || [main] -register-543- Mapped "{[/v1/utils/report/student/encode]}" onto public com.qingqing.test.bean.common.response.SingleResponse<java.lang.String> com.qingqing.test.controller.UtilsController.encodeTeacherReportId(com.qingqing.api.proto.v1.util.Common$SimpleRepeatedStringRequest)
01-14-2020 INFO o.s.w.s.m.m.a.RequestMappingHandlerMapping || [main] -register-543- Mapped "{[/v1/utils/report/teacher/encode]}" onto public com.qingqing.test.bean.common.response.SingleResponse<java.lang.String> com.qingqing.test.controller.UtilsController.encodeStudentReportId(com.qingqing.api.proto.v1.util.Common$SimpleStringRequest)
01-14-2020 INFO o.s.w.s.m.m.a.RequestMappingHandlerMapping || [main] -register-543- Mapped "{[/v1/utils/sql/run]}" onto public void com.qingqing.test.controller.UtilsController.fullNameUpdate(org.springframework.web.multipart.MultipartFile) throws java.io.IOException
01-14-2020 INFO o.s.w.s.m.m.a.RequestMappingHandlerMapping || [main] -register-543- Mapped "{[/v1/utils/common/config]}" onto public java.lang.String com.qingqing.test.controller.UtilsController.commonConfigPage(java.lang.String,org.springframework.ui.Model)
01-14-2020 INFO o.s.w.s.m.m.a.RequestMappingHandlerMapping || [main] -register-543- Mapped "{[/v1/utils/common_config/set]}" onto public void com.qingqing.test.controller.UtilsController.setCommonConfig(java.lang.String,java.lang.String,java.lang.String,java.lang.String,org.springframework.ui.Model)
01-14-2020 INFO o.s.w.s.m.m.a.RequestMappingHandlerMapping || [main] -register-543- Mapped "{[/v1/utils/report/teacher/decode]}" onto public com.qingqing.test.bean.common.response.SingleResponse<java.lang.String> com.qingqing.test.controller.UtilsController.decodeTeacherReportId(com.qingqing.api.proto.v1.util.Common$SimpleStringRequest)
01-14-2020 INFO o.s.w.s.m.m.a.RequestMappingHandlerMapping || [main] -register-543- Mapped "{[/v1/utils/report/student/decode]}" onto public com.qingqing.test.bean.common.response.ListResponse<java.lang.Long> com.qingqing.test.controller.UtilsController.decodeStudentReportId(com.qingqing.api.proto.v1.util.Common$SimpleStringRequest)
01-14-2020 INFO o.s.w.s.m.m.a.RequestMappingHandlerMapping || [main] -register-543- Mapped "{[/v1/utils/common/city_config]}" onto public java.lang.String com.qingqing.test.controller.UtilsController.cityConfigManager(java.lang.String,org.springframework.ui.Model)
01-14-2020 INFO o.s.w.s.m.m.a.RequestMappingHandlerMapping || [main] -register-543- Mapped "{[/v1/utils/phone/online/decode]}" onto public void com.qingqing.test.controller.UtilsController.decodePhone(org.springframework.web.multipart.MultipartFile,java.lang.String,javax.servlet.http.HttpServletResponse) throws java.io.IOException
01-14-2020 INFO o.s.w.s.m.m.a.RequestMappingHandlerMapping || [main] -register-543- Mapped "{[/v1/utils/phone/decode]}" onto public com.qingqing.test.bean.common.response.SingleResponse<java.lang.String> com.qingqing.test.controller.UtilsController.decodePhone(com.qingqing.api.proto.v1.util.Common$SimpleStringRequest)
01-14-2020 INFO o.s.w.s.m.m.a.RequestMappingHandlerMapping || [main] -register-543- Mapped "{[/v1/utils/cron_task/add]}" onto public com.qingqing.api.proto.v1.ProtoBufResponse$SimpleResponse com.qingqing.test.controller.UtilsController.addCronTask(com.qingqing.test.domain.tool.TestCronTask)
01-14-2020 INFO o.s.w.s.m.m.a.RequestMappingHandlerMapping || [main] -register-543- Mapped "{[/v1/utils/user/encode]}" onto public com.qingqing.test.bean.common.response.SingleResponse<java.lang.String> com.qingqing.test.controller.UtilsController.encodeUserID(com.qingqing.api.proto.v1.UserProto$User)
01-14-2020 INFO o.s.w.s.m.m.a.RequestMappingHandlerMapping || [main] -register-543- Mapped "{[/v1/utils/mock]}" onto public com.qingqing.test.bean.common.response.ListResponse<com.qingqing.test.domain.mock.MockRule> com.qingqing.test.controller.UtilsController.mock()
01-14-2020 INFO o.s.w.s.m.m.a.RequestMappingHandlerMapping || [main] -register-543- Mapped "{[/v1/utils/city_config/set]}" onto public void com.qingqing.test.controller.UtilsController.setCityConfig(java.lang.String,java.lang.String,java.lang.Integer,java.lang.String,java.lang.String,org.springframework.ui.Model)
01-14-2020 INFO o.s.w.s.m.m.a.RequestMappingHandlerMapping || [main] -register-543- Mapped "{[/v1/utils/es/update]}" onto public com.qingqing.test.bean.base.SimpleResponse com.qingqing.test.controller.UtilsController.esUpdate(com.qingqing.test.bean.index.IndexUpdateRequestBean)
01-14-2020 INFO o.s.w.s.m.m.a.RequestMappingHandlerMapping || [main] -register-543- Mapped "{[/v1/utils/cron_task/all]}" onto public com.qingqing.test.bean.common.response.ListResponse<com.qingqing.test.domain.tool.TestCronTask> com.qingqing.test.controller.UtilsController.allCronTask()
01-14-2020 INFO o.s.w.s.m.m.a.RequestMappingHandlerMapping || [main] -register-543- Mapped "{[/v1/utils/phone/encode]}" onto public com.qingqing.test.bean.common.response.SingleResponse<java.lang.String> com.qingqing.test.controller.UtilsController.encodePhone(com.qingqing.api.proto.v1.util.Common$SimpleStringRequest)
01-14-2020 INFO o.s.w.s.m.m.a.RequestMappingHandlerMapping || [main] -register-543- Mapped "{[/v1/utils/cron_task/edit]}" onto public java.lang.String com.qingqing.test.controller.UtilsController.editCronTask(java.lang.Long,org.springframework.ui.Model)
01-14-2020 INFO o.s.w.s.m.m.a.RequestMappingHandlerMapping || [main] -register-543- Mapped "{[/v1/utils/cron_task/del]}" onto public com.qingqing.api.proto.v1.ProtoBufResponse$SimpleResponse com.qingqing.test.controller.UtilsController.delCronTask(java.lang.Long)
01-14-2020 INFO o.s.w.s.m.m.a.RequestMappingHandlerMapping || [main] -register-543- Mapped "{[/v1/utils/jump/test/{path}]}" onto public java.lang.String com.qingqing.test.controller.UtilsController.jump(java.lang.String,java.lang.String,org.springframework.ui.Model)
01-14-2020 INFO o.s.w.s.m.m.a.RequestMappingHandlerMapping || [main] -register-543- Mapped "{[/v1/utils/new]}" onto public java.lang.String com.qingqing.test.controller.UtilsController.newFun()
01-14-2020 INFO o.s.w.s.m.m.a.RequestMappingHandlerMapping || [main] -register-543- Mapped "{[/v1/utils/ip/query_by_name]}" onto public com.qingqing.test.bean.common.response.SingleResponse<java.lang.String> com.qingqing.test.controller.UtilsController.queryUserIp(com.qingqing.api.proto.v1.util.Common$SimpleStringRequest)
01-14-2020 INFO o.s.w.s.m.m.a.RequestMappingHandlerMapping || [main] -register-543- Mapped "{[/v1/utils/ip/query_by_ip]}" onto public com.qingqing.test.bean.common.response.SingleResponse<java.lang.String> com.qingqing.test.controller.UtilsController.queryUserName(com.qingqing.api.proto.v1.util.Common$SimpleStringRequest)
01-14-2020 INFO o.s.w.s.m.m.a.RequestMappingHandlerMapping || [main] -register-543- Mapped "{[/v1/utils/user/decode]}" onto public com.qingqing.test.bean.common.response.SingleResponse<com.qingqing.common.auth.domain.User> com.qingqing.test.controller.UtilsController.decodeUserId(com.qingqing.api.proto.v1.util.Common$SimpleStringRequest)
01-14-2020 INFO o.s.w.s.m.m.a.RequestMappingHandlerMapping || [main] -register-543- Mapped "{[/v1/utils/ip/up]}" onto public java.lang.String com.qingqing.test.controller.UtilsController.upIp(java.lang.String,org.springframework.ui.Model)
01-14-2020 INFO o.s.w.s.m.m.a.RequestMappingHandlerMapping || [main] -register-543- Mapped "{[/v1/utils/es/delete]}" onto public com.qingqing.test.bean.base.SimpleResponse com.qingqing.test.controller.UtilsController.esDelete(com.qingqing.test.bean.index.IndexUpdateRequestBean)
01-14-2020 INFO o.s.w.s.m.m.a.RequestMappingHandlerMapping || [main] -register-543- Mapped "{[/v1/utils/ws]}" onto public java.lang.String com.qingqing.test.controller.UtilsController.ws()
01-14-2020 INFO o.s.w.s.m.m.a.RequestMappingHandlerMapping || [main] -register-543- Mapped "{[/v1/utils/es/query]}" onto public com.qingqing.test.bean.common.response.SingleResponse<java.lang.String> com.qingqing.test.controller.UtilsController.esQuery(com.qingqing.test.bean.index.IndexQueryRequestBean)
01-14-2020 INFO o.s.w.s.h.SimpleUrlHandlerMapping || [main] -registerHandler-362- Mapped URL path [/webjars/**] onto handler of type [class org.springframework.web.servlet.resource.ResourceHttpRequestHandler]
01-14-2020 INFO o.s.w.s.h.SimpleUrlHandlerMapping || [main] -registerHandler-362- Mapped URL path [/static/**] onto handler of type [class org.springframework.web.servlet.resource.ResourceHttpRequestHandler]
01-14-2020 INFO o.s.w.s.m.m.a.ExceptionHandlerExceptionResolver || [main] -initExceptionHandlerAdviceCache-273- Detected @ExceptionHandler methods in feginExceptionHandler
01-14-2020 INFO o.s.w.s.m.m.a.ExceptionHandlerExceptionResolver || [main] -initExceptionHandlerAdviceCache-273- Detected @ExceptionHandler methods in protoExceptionHandler
01-14-2020 INFO o.s.w.s.h.SimpleUrlHandlerMapping || [main] -registerHandler-362- Mapped URL path [/**/favicon.ico] onto handler of type [class org.springframework.web.servlet.resource.ResourceHttpRequestHandler]
01-14-2020 INFO o.s.w.s.v.f.FreeMarkerConfigurer || [main] -postProcessTemplateLoaders-127- ClassTemplateLoader for Spring macros added to FreeMarker configuration
01-14-2020 INFO o.s.c.c.u.InetUtils || [main] -convertAddress-171- Cannot determine local hostname
01-14-2020 INFO o.s.w.s.s.s.ServerEndpointExporter || [main] -registerEndpoint-143- Registering @ServerEndpoint class: class com.qingqing.test.controller.MyWebSocket
01-14-2020 INFO o.s.w.s.s.s.ServerEndpointExporter || [main] -registerEndpoint-143- Registering @ServerEndpoint class: class com.qingqing.test.controller.websocket.UpIpWebSocket
01-14-2020 INFO o.s.j.e.a.AnnotationMBeanExporter || [main] -afterSingletonsInstantiated-431- Registering beans for JMX exposure on startup
01-14-2020 INFO o.s.j.e.a.AnnotationMBeanExporter || [main] -autodetect-916- Bean with name 'elasticSearchDruidDataSource' has been autodetected for JMX exposure
01-14-2020 INFO o.s.j.e.a.AnnotationMBeanExporter || [main] -autodetect-916- Bean with name 'configurationPropertiesRebinder' has been autodetected for JMX exposure
01-14-2020 INFO o.s.j.e.a.AnnotationMBeanExporter || [main] -autodetect-916- Bean with name 'environmentManager' has been autodetected for JMX exposure
01-14-2020 INFO o.s.j.e.a.AnnotationMBeanExporter || [main] -autodetect-916- Bean with name 'refreshScope' has been autodetected for JMX exposure
01-14-2020 INFO o.s.j.e.a.AnnotationMBeanExporter || [main] -registerBeanInstance-678- Located managed bean 'environmentManager': registering with JMX server as MBean [org.springframework.cloud.context.environment:name=environmentManager,type=EnvironmentManager]
01-14-2020 INFO o.s.j.e.a.AnnotationMBeanExporter || [main] -registerBeanInstance-678- Located managed bean 'refreshScope': registering with JMX server as MBean [org.springframework.cloud.context.scope.refresh:name=refreshScope,type=RefreshScope]
01-14-2020 INFO o.s.j.e.a.AnnotationMBeanExporter || [main] -registerBeanInstance-671- Located MBean 'elasticSearchDruidDataSource': registering with JMX server as MBean [com.alibaba.druid.pool:name=elasticSearchDruidDataSource,type=ElasticSearchDruidDataSource]
01-14-2020 INFO o.s.j.e.a.AnnotationMBeanExporter || [main] -registerBeanInstance-678- Located managed bean 'configurationPropertiesRebinder': registering with JMX server as MBean [org.springframework.cloud.context.properties:name=configurationPropertiesRebinder,context=59ab8480,type=ConfigurationPropertiesRebinder]
01-14-2020 INFO o.s.s.a.ScheduledAnnotationBeanPostProcessor || [main] -finishRegistration-268- No TaskScheduler/ScheduledExecutorService bean found for scheduled processing
01-14-2020 INFO o.a.c.h.Http11NioProtocol || [main] -log-180- Initializing ProtocolHandler ["http-nio-8090"]
01-14-2020 INFO o.a.c.h.Http11NioProtocol || [main] -log-180- Starting ProtocolHandler ["http-nio-8090"]
01-14-2020 INFO o.a.t.u.n.NioSelectorPool || [main] -log-180- Using a shared selector for servlet write/read
01-14-2020 INFO o.s.b.c.e.t.TomcatEmbeddedServletContainer || [main] -start-201- Tomcat started on port(s): 8090 (http)
01-14-2020 INFO c.q.t.TestApiApplication || [main] -logStarted-57- Started TestApiApplication in 54.08 seconds (JVM running for 60.266)
01-14-2020 INFO o.a.c.c.C.[.[.[/apiTest] || [http-nio-8090-exec-1] -log-180- Initializing Spring FrameworkServlet 'dispatcherServlet'
01-14-2020 INFO o.s.w.s.DispatcherServlet || [http-nio-8090-exec-1] -initServletBean-489- FrameworkServlet 'dispatcherServlet': initialization started
01-14-2020 INFO o.s.w.s.DispatcherServlet || [http-nio-8090-exec-1] -initServletBean-508- FrameworkServlet 'dispatcherServlet': initialization completed in 23 ms
01-14-2020 WARN c.q.t.s.f.IpFilter || [http-nio-8090-exec-1] -addNewIp-79- request from ip :0:0:0:0:0:0:0:1, full in today:[ "0:0:0:0:0:0:0:1" ]
01-14-2020 INFO o.s.c.a.AnnotationConfigApplicationContext || [main] -prepareRefresh-583- Refreshing org.springframework.context.annotation.AnnotationConfigApplicationContext@d903f07: startup date [Tue Jan 14 22:25:14 CST 2020]; root of context hierarchy
01-14-2020 INFO o.h.v.i.u.Version || [background-preinit] -<clinit>-30- HV000001: Hibernate Validator 5.3.6.Final
01-14-2020 INFO o.s.b.f.a.AutowiredAnnotationBeanPostProcessor || [main] -<init>-155- JSR-330 'javax.inject.Inject' annotation found and supported for autowiring
01-14-2020 INFO o.s.c.s.PostProcessorRegistrationDelegate$BeanPostProcessorChecker || [main] -postProcessAfterInitialization-327- Bean 'configurationPropertiesRebinderAutoConfiguration' of type [org.springframework.cloud.autoconfigure.ConfigurationPropertiesRebinderAutoConfiguration$$EnhancerBySpringCGLIB$$d2ad0ddf] is not eligible for getting processed by all BeanPostProcessors (for example: not eligible for auto-proxying)
01-14-2020 INFO c.q.t.TestApiApplication || [main] -logStartupProfileInfo-593- No active profile set, falling back to default profiles: default
01-14-2020 INFO o.s.b.c.e.AnnotationConfigEmbeddedWebApplicationContext || [main] -prepareRefresh-583- Refreshing org.springframework.boot.context.embedded.AnnotationConfigEmbeddedWebApplicationContext@17fe1fa4: startup date [Tue Jan 14 22:25:16 CST 2020]; parent: org.springframework.context.annotation.AnnotationConfigApplicationContext@d903f07
01-14-2020 WARN o.m.s.m.ClassPathMapperScanner || [main] -doScan-166- No MyBatis mapper was found in '[com.qingqing.test.dao.mock]' package. Please check your configuration.
